2014/02/21 10:34:47 [error] [php] include(User.php): failed to open stream: No such file or directory (/var/www/framework/YiiBase.php:427)
Stack trace:
#0 /var/www/blog/protected/components/UserIdentity.php(18): spl_autoload_call()
#1 /var/www/blog/protected/models/LoginForm.php(52): UserIdentity->authenticate()
#2 /var/www/framework/validators/CInlineValidator.php(42): LoginForm->authenticate()
#3 /var/www/framework/validators/CValidator.php(213): CInlineValidator->validateAttribute()
#4 /var/www/framework/base/CModel.php(159): CInlineValidator->validate()
#5 /var/www/blog/protected/controllers/SiteController.php(97): LoginForm->validate()
#6 /var/www/framework/web/actions/CInlineAction.php(49): SiteController->actionLogin()
#7 /var/www/framework/web/CController.php(308): CInlineAction->runWithParams()
#8 /var/www/framework/web/CController.php(286): SiteController->runAction()
#9 /var/www/framework/web/CController.php(265): SiteController->runActionWithFilters()
#10 /var/www/framework/web/CWebApplication.php(282): SiteController->run()
#11 /var/www/framework/web/CWebApplication.php(141): CWebApplication->runController()
#12 /var/www/framework/base/CApplication.php(180): CWebApplication->processRequest()
#13 /var/www/blog/index.php(13): CWebApplication->run()
REQUEST_URI=/blog/index.php/site/login
in /var/www/blog/protected/components/UserIdentity.php (18)
in /var/www/blog/protected/models/LoginForm.php (52)
in /var/www/blog/protected/controllers/SiteController.php (97)
